<?xml version="1.0" encoding="UTF-8"?>
<testng-results ignored="0" total="1" passed="1" failed="0" skipped="0">
  <reporter-output>
  </reporter-output>
  <suite started-at="2019-09-11T21:49:14Z" name="Default suite" finished-at="2019-09-11T21:49:35Z" duration-ms="20603">
    <groups>
    </groups>
    <test started-at="2019-09-11T21:49:14Z" name="Default test" finished-at="2019-09-11T21:49:35Z" duration-ms="20603">
      <class name="test.QA_Test">
        <test-method is-config="true" signature="beforeMethod()[pri:0, instance:test.QA_Test@6c345c5f]" started-at="2019-09-11T21:49:14Z" name="beforeMethod" finished-at="2019-09-11T21:49:27Z" duration-ms="12811" status="PASS">
          <reporter-output>
          </reporter-output>
        </test-method> <!-- beforeMethod -->
        <test-method signature="test_monthly_predictive_Forecast()[pri:0, instance:test.QA_Test@6c345c5f]" started-at="2019-09-11T21:49:27Z" name="test_monthly_predictive_Forecast" finished-at="2019-09-11T21:49:35Z" duration-ms="7643" status="PASS">
          <reporter-output>
          </reporter-output>
        </test-method> <!-- test_monthly_predictive_Forecast -->
        <test-method is-config="true" signature="afterMethod()[pri:0, instance:test.QA_Test@6c345c5f]" started-at="2019-09-11T21:49:35Z" name="afterMethod" finished-at="2019-09-11T21:49:35Z" duration-ms="129" status="PASS">
          <reporter-output>
          </reporter-output>
        </test-method> <!-- afterMethod -->
      </class> <!-- test.QA_Test -->
    </test> <!-- Default test -->
  </suite> <!-- Default suite -->
</testng-results>
